
      **********************
      Fri, 11 Aug 2017 19:57:59 GMT
      TypeError: Assignment to constant variable.
      ----------------------
      

    
      **********************
      Sat, 12 Aug 2017 11:30:24 GMT
      TypeError: undefined is not a function
      ----------------------
      

    
      **********************
      Sat, 12 Aug 2017 11:30:45 GMT
      TypeError: undefined is not a function
      ----------------------
      

    
      **********************
      Sat, 12 Aug 2017 11:31:18 GMT
      TypeError: undefined is not a function
      ----------------------
      

    
      **********************
      Sat, 12 Aug 2017 11:31:51 GMT
      TypeError: settings.saveSettin is not a function
      ----------------------
      

    
      **********************
      Sat, 12 Aug 2017 11:33:07 GMT
      TypeError: undefined is not a function
      ----------------------
      

    
      **********************
      Sat, 12 Aug 2017 11:34:46 GMT
      TypeError: undefined is not a function
      ----------------------
      

    
      **********************
      Sat, 12 Aug 2017 11:36:10 GMT
      TypeError: undefined is not a function
      ----------------------
      

    
      **********************
      Sat, 12 Aug 2017 16:45:38 GMT
      TypeError: newSuperUsers.include is not a function
      ----------------------
      

    
      **********************
      Sun, 13 Aug 2017 11:46:42 GMT
      Error: Invalid value [object Object]
      ----------------------
      

    
      **********************
      Sun, 13 Aug 2017 12:11:00 GMT
      Error: Invalid value [object Object]
      ----------------------
      

    
      **********************
      Sun, 13 Aug 2017 12:12:11 GMT
      Error: Invalid value [object Object]
      ----------------------
      

    
      **********************
      Sun, 13 Aug 2017 12:13:17 GMT
      Error: Invalid value [object Object]
      ----------------------
      

    
      **********************
      Sun, 13 Aug 2017 12:13:51 GMT
      Error: Invalid value [object Object]
      ----------------------
      

    
      **********************
      Sun, 13 Aug 2017 12:15:35 GMT
      Error: Invalid value [object Object]
      ----------------------
      

    
      **********************
      Sun, 13 Aug 2017 12:16:43 GMT
      ----------------------
      

    Error: Invalid value [object Object]