
      **********************
      Thu, 03 Aug 2017 14:09:38 GMT
      ReferenceError: confirmPassword is not defined
      ----------------------
      

    
      **********************
      Thu, 03 Aug 2017 14:34:28 GMT
      ReferenceError: to is not defined
      ----------------------
      

    
      **********************
      Fri, 04 Aug 2017 13:56:08 GMT
      SequelizeDatabaseError: You have an error in your SQL syntax; check the manual that corresponds to your MySQL server version for the right syntax to use near 'FROM `User` AS `User` WHERE `User`.`id_user` = 1' at line 1
      ----------------------
      

    
      **********************
      Fri, 04 Aug 2017 14:39:44 GMT
      ReferenceError: password is not defined
      ----------------------
      

    
      **********************
      Sat, 05 Aug 2017 21:24:37 GMT
      ReferenceError: krek is not defined
      ----------------------
      

    
      **********************
      Sat, 05 Aug 2017 21:24:40 GMT
      ReferenceError: krek is not defined
      ----------------------
      

    
      **********************
      Sat, 05 Aug 2017 21:25:55 GMT
      ReferenceError: krek is not defined
      ----------------------
      

    
      **********************
      Sat, 05 Aug 2017 21:32:55 GMT
      ReferenceError: krek is not defined
      ----------------------
      

    
      **********************
      Sat, 05 Aug 2017 21:33:15 GMT
      ReferenceError: krek is not defined
      ----------------------
      

    
      **********************
      Sat, 05 Aug 2017 21:33:39 GMT
      ReferenceError: krek is not defined
      ----------------------
      

    
      **********************
      Sat, 05 Aug 2017 21:34:18 GMT
      ReferenceError: krek is not defined
      ----------------------
      

    
      **********************
      Sat, 05 Aug 2017 21:35:12 GMT
      ReferenceError: krek is not defined
      ----------------------
      

    
      **********************
      Sun, 06 Aug 2017 18:46:53 GMT
      ReferenceError: krek is not defined
      ----------------------
      

    
      **********************
      Sun, 06 Aug 2017 18:52:41 GMT
      ReferenceError: krek is not defined
      ----------------------
      

    
      **********************
      Sun, 06 Aug 2017 18:53:57 GMT
      ReferenceError: krek is not defined
      ----------------------
      

    